2026-04-03 05:07:15,519 - ZecpathAI - INFO - Logging System Initialized.
2026-04-03 05:07:15,519 - ZecpathAI - INFO - --- Zecpath AI Hiring System Started ---
2026-04-03 05:07:15,519 - ZecpathAI - INFO - System is ready for data processing.
2026-04-03 05:07:15,519 - ZecpathAI - INFO - --- System Session Ended ---
2026-04-03 05:12:17,098 - ZecpathAI - INFO - Logging System Initialized.
2026-04-03 05:12:17,897 - ZecpathAI - INFO - --- Zecpath AI Hiring System Started ---
2026-04-03 05:12:17,897 - ZecpathAI - INFO - Starting extraction for: data/resume.pdf
2026-04-03 05:12:17,939 - ZecpathAI - INFO - Successfully extracted text from PDF.
2026-04-03 05:12:17,942 - ZecpathAI - INFO - Resume text is ready for AI analysis.
2026-04-03 05:12:17,942 - ZecpathAI - INFO - --- System Session Ended ---
2026-04-03 05:17:01,322 - ZecpathAI - INFO - Logging System Initialized.
2026-04-03 05:17:01,670 - ZecpathAI - INFO - --- Zecpath AI Hiring System Started ---
2026-04-03 05:17:01,670 - ZecpathAI - INFO - Starting extraction for: data/resume.pdf
2026-04-03 05:17:01,712 - ZecpathAI - INFO - Successfully extracted text from PDF.
2026-04-03 05:17:01,712 - ZecpathAI - INFO - Starting keyword matching process.
2026-04-03 05:17:01,712 - ZecpathAI - INFO - Matching complete. Found 4 keywords.
2026-04-03 05:17:01,712 - ZecpathAI - INFO - --- System Session Ended ---
2026-04-07 06:33:27,866 - ZecpathAI - INFO - Logging System Initialized.
2026-04-07 07:20:19,116 - ZecpathAI - INFO - Logging System Initialized.
2026-04-07 07:20:20,177 - ZecpathAI - INFO - --- Zecpath AI Hiring System Started ---
2026-04-07 07:20:20,182 - ZecpathAI - INFO - Starting extraction for: data/resume.pdf
2026-04-07 07:20:20,326 - ZecpathAI - INFO - Successfully extracted text from PDF.
2026-04-07 07:20:20,326 - ZecpathAI - INFO - Starting keyword matching process.
2026-04-07 07:20:20,326 - ZecpathAI - INFO - Matching complete. Found 4 keywords.
2026-04-07 07:20:20,326 - ZecpathAI - INFO - --- System Session Ended ---
2026-04-19 23:42:20,529 - ZecpathAI - INFO - Logging System Initialized.
2026-04-19 23:43:01,010 - ZecpathAI - INFO - Logging System Initialized.
2026-04-19 23:47:13,171 - ZecpathAI - INFO - Logging System Initialized.
2026-04-19 23:48:41,986 - ZecpathAI - INFO - Logging System Initialized.
2026-04-19 23:52:09,214 - ZecpathAI - INFO - Logging System Initialized.
2026-04-19 23:54:27,624 - ZecpathAI - INFO - Logging System Initialized.
2026-04-19 23:59:01,572 - ZecpathAI - INFO - Logging System Initialized.
2026-04-19 23:59:12,311 - ZecpathAI - INFO - Starting extraction for: data/resume.pdf
2026-04-19 23:59:12,383 - ZecpathAI - INFO - Successfully extracted text from PDF.
2026-04-20 23:18:25,717 - ZecpathAI - INFO - Logging System Initialized.
2026-04-20 23:18:38,493 - ZecpathAI - INFO - Starting extraction for: data/resume.pdf
2026-04-20 23:18:38,534 - ZecpathAI - INFO - Successfully extracted text from PDF.
2026-04-20 23:44:53,093 - ZecpathAI - INFO - Logging System Initialized.
2026-04-20 23:52:04,590 - ZecpathAI - INFO - Starting extraction for: data/resume.pdf
2026-04-20 23:52:04,770 - ZecpathAI - INFO - Successfully extracted text from PDF.
2026-04-20 23:54:04,149 - ZecpathAI - INFO - Logging System Initialized.
2026-04-20 23:54:10,075 - ZecpathAI - INFO - Starting extraction for: data/resume.pdf
2026-04-20 23:54:10,086 - ZecpathAI - INFO - Successfully extracted text from PDF.
2026-04-20 23:56:59,307 - ZecpathAI - INFO - Logging System Initialized.
2026-04-20 23:57:05,099 - ZecpathAI - INFO - Starting extraction for: data/resume.pdf
2026-04-20 23:57:05,112 - ZecpathAI - INFO - Successfully extracted text from PDF.
2026-04-20 23:59:41,652 - ZecpathAI - INFO - Logging System Initialized.
2026-04-20 23:59:47,932 - ZecpathAI - INFO - Starting extraction for: data/resume.pdf
2026-04-20 23:59:47,946 - ZecpathAI - INFO - Successfully extracted text from PDF.
2026-04-21 00:00:15,649 - ZecpathAI - INFO - Logging System Initialized.
2026-04-21 00:00:21,059 - ZecpathAI - INFO - Starting extraction for: data/resume.pdf
2026-04-21 00:00:21,074 - ZecpathAI - INFO - Successfully extracted text from PDF.
2026-04-21 00:15:21,054 - ZecpathAI - INFO - Logging System Initialized.
2026-04-21 00:22:58,123 - ZecpathAI - INFO - Logging System Initialized.
2026-04-21 00:30:37,476 - ZecpathAI - INFO - Logging System Initialized.
2026-04-21 00:30:47,736 - ZecpathAI - INFO - Starting extraction for: data/resume.pdf
2026-04-21 00:30:47,829 - ZecpathAI - INFO - Successfully extracted text from PDF.
2026-04-21 08:26:22,815 - ZecpathAI - INFO - Logging System Initialized.
2026-04-21 08:28:25,109 - ZecpathAI - ERROR - File not found: data/fesume2.pdf
2026-04-21 08:28:37,688 - ZecpathAI - INFO - Logging System Initialized.
2026-04-21 08:28:44,314 - ZecpathAI - INFO - Starting extraction for: data/resume2.pdf
2026-04-21 08:28:44,432 - ZecpathAI - INFO - Successfully extracted text from PDF.
2026-04-21 08:50:26,122 - ZecpathAI - INFO - Logging System Initialized.
2026-04-21 08:50:52,913 - ZecpathAI - INFO - Logging System Initialized.
2026-04-21 08:51:04,859 - ZecpathAI - INFO - Starting extraction for: data/resumes/resume.pdf
2026-04-21 08:51:04,914 - ZecpathAI - INFO - Successfully extracted text from PDF.
2026-04-21 08:54:16,924 - ZecpathAI - INFO - Logging System Initialized.
2026-04-21 08:54:16,925 - ZecpathAI - ERROR - File not found: data/resume.pdf
2026-04-21 23:36:56,251 - ZecpathAI - INFO - Logging System Initialized.
2026-04-21 23:37:07,124 - ZecpathAI - INFO - Starting extraction for: data/resumes/resume.pdf
2026-04-21 23:37:07,257 - ZecpathAI - INFO - Successfully extracted text from PDF.
2026-04-21 23:39:01,495 - ZecpathAI - INFO - Logging System Initialized.
2026-04-21 23:39:12,893 - ZecpathAI - INFO - Starting extraction for: data/resumes/resume.pdf
2026-04-21 23:39:12,904 - ZecpathAI - INFO - Successfully extracted text from PDF.
2026-04-21 23:42:59,744 - ZecpathAI - INFO - Logging System Initialized.
2026-04-21 23:43:09,646 - ZecpathAI - INFO - Starting extraction for: data/resumes/resume.pdf
2026-04-21 23:43:09,657 - ZecpathAI - INFO - Successfully extracted text from PDF.
2026-04-21 23:45:47,238 - ZecpathAI - INFO - Logging System Initialized.
2026-04-21 23:45:57,225 - ZecpathAI - INFO - Starting extraction for: data/resumes/resume.pdf
2026-04-21 23:45:57,290 - ZecpathAI - INFO - Successfully extracted text from PDF.
2026-04-21 23:49:54,032 - ZecpathAI - INFO - Logging System Initialized.
2026-04-21 23:50:56,596 - ZecpathAI - INFO - Logging System Initialized.
2026-04-21 23:51:23,121 - ZecpathAI - INFO - Logging System Initialized.
2026-04-21 23:54:13,492 - ZecpathAI - INFO - Logging System Initialized.
2026-04-21 23:54:30,345 - ZecpathAI - INFO - Starting extraction for: data/resumes/resume.pdf
2026-04-21 23:54:30,457 - ZecpathAI - INFO - Successfully extracted text from PDF.
2026-04-21 23:59:46,794 - ZecpathAI - INFO - Logging System Initialized.
2026-04-21 23:59:56,118 - ZecpathAI - INFO - Starting extraction for: data/resumes/resume.pdf
2026-04-21 23:59:56,130 - ZecpathAI - INFO - Successfully extracted text from PDF.
2026-04-22 00:06:27,477 - ZecpathAI - INFO - Logging System Initialized.
2026-04-22 00:07:24,277 - ZecpathAI - INFO - Logging System Initialized.
2026-04-22 00:07:36,384 - ZecpathAI - INFO - Starting extraction for: data/resumes/resume.pdf
2026-04-22 00:07:36,485 - ZecpathAI - INFO - Successfully extracted text from PDF.
2026-04-22 00:13:09,814 - ZecpathAI - INFO - Logging System Initialized.
2026-04-22 00:13:22,234 - ZecpathAI - INFO - Starting extraction for: data/resumes/resume.pdf
2026-04-22 00:13:22,246 - ZecpathAI - INFO - Successfully extracted text from PDF.
2026-04-22 00:15:00,486 - ZecpathAI - INFO - Logging System Initialized.
2026-04-22 00:15:18,407 - ZecpathAI - INFO - Starting extraction for: data/resumes/resume.pdf
2026-04-22 00:15:18,418 - ZecpathAI - INFO - Successfully extracted text from PDF.
2026-04-22 00:18:03,128 - ZecpathAI - INFO - Logging System Initialized.
2026-04-22 00:18:14,671 - ZecpathAI - INFO - Starting extraction for: data/resumes/resume.pdf
2026-04-22 00:18:14,728 - ZecpathAI - INFO - Successfully extracted text from PDF.
2026-04-22 00:23:17,951 - ZecpathAI - INFO - Logging System Initialized.
2026-04-22 00:23:27,648 - ZecpathAI - INFO - Starting extraction for: data/resumes/resume.pdf
2026-04-22 00:23:27,677 - ZecpathAI - INFO - Successfully extracted text from PDF.
2026-04-22 00:26:18,884 - ZecpathAI - INFO - Logging System Initialized.
2026-04-22 00:26:31,466 - ZecpathAI - INFO - Starting extraction for: data/resumes/resume.pdf
2026-04-22 00:26:31,484 - ZecpathAI - INFO - Successfully extracted text from PDF.
2026-04-22 00:28:54,227 - ZecpathAI - INFO - Logging System Initialized.
2026-04-22 00:29:02,682 - ZecpathAI - INFO - Starting extraction for: data/resumes/resume.pdf
2026-04-22 00:29:02,747 - ZecpathAI - INFO - Successfully extracted text from PDF.
2026-04-22 00:31:07,079 - ZecpathAI - INFO - Logging System Initialized.
2026-04-22 00:31:14,601 - ZecpathAI - INFO - Starting extraction for: data/resumes/resume.pdf
2026-04-22 00:31:14,667 - ZecpathAI - INFO - Successfully extracted text from PDF.
2026-04-22 00:34:14,423 - ZecpathAI - INFO - Logging System Initialized.
2026-04-22 00:34:25,895 - ZecpathAI - INFO - Starting extraction for: data/resumes/resume.pdf
2026-04-22 00:34:25,978 - ZecpathAI - INFO - Successfully extracted text from PDF.
2026-04-22 00:37:03,047 - ZecpathAI - INFO - Logging System Initialized.
2026-04-22 00:37:11,497 - ZecpathAI - INFO - Starting extraction for: data/resumes/resume.pdf
2026-04-22 00:37:11,552 - ZecpathAI - INFO - Successfully extracted text from PDF.
2026-04-22 00:39:20,122 - ZecpathAI - INFO - Logging System Initialized.
2026-04-22 00:39:30,072 - ZecpathAI - INFO - Starting extraction for: data/resumes/resume.pdf
2026-04-22 00:39:30,132 - ZecpathAI - INFO - Successfully extracted text from PDF.
2026-04-22 00:42:27,226 - ZecpathAI - INFO - Logging System Initialized.
2026-04-22 00:42:35,330 - ZecpathAI - INFO - Starting extraction for: data/resumes/resume.pdf
2026-04-22 00:42:35,363 - ZecpathAI - INFO - Successfully extracted text from PDF.
2026-04-22 00:43:40,021 - ZecpathAI - INFO - Logging System Initialized.
2026-04-22 00:43:47,140 - ZecpathAI - INFO - Starting extraction for: data/resumes/resume.pdf
2026-04-22 00:43:47,162 - ZecpathAI - INFO - Successfully extracted text from PDF.
2026-04-22 00:47:41,817 - ZecpathAI - INFO - Logging System Initialized.
2026-04-22 00:47:49,025 - ZecpathAI - INFO - Starting extraction for: data/resumes/resume.pdf
2026-04-22 00:47:49,083 - ZecpathAI - INFO - Successfully extracted text from PDF.
2026-04-22 00:52:16,561 - ZecpathAI - INFO - Logging System Initialized.
2026-04-22 00:52:39,061 - ZecpathAI - INFO - Starting extraction for: data/resumes/resume.pdf
2026-04-22 00:52:39,119 - ZecpathAI - INFO - Successfully extracted text from PDF.
2026-04-22 00:59:22,019 - ZecpathAI - INFO - Logging System Initialized.
2026-04-22 00:59:32,325 - ZecpathAI - INFO - Starting extraction for: data/resumes/resume.pdf
2026-04-22 00:59:32,380 - ZecpathAI - INFO - Successfully extracted text from PDF.
